<?xml version="1.0" encoding="UTF-8"?>
<testsuite name="com.bridgelabz.MyLinkedListTest" tests="1" skipped="0" failures="0" errors="0" timestamp="2021-06-11T01:57:13" hostname="DESKTOP-T79M02P" time="0.005">
  <properties/>
  <testcase name="given3NumbersWhenInsertingSecondInBetweenShouldPassLinkedListTest" classname="com.bridgelabz.MyLinkedListTest" time="0.005"/>
  <system-out><![CDATA[]]></system-out>
  <system-err><![CDATA[]]></system-err>
</testsuite>
