<?xml version="1.0" encoding="UTF-8"?>
<testsuite name="com.bridgelabz.MyHashMapTest" tests="1" skipped="0" failures="0" errors="0" timestamp="2021-06-16T11:18:59" hostname="DESKTOP-T79M02P" time="0.008">
  <properties/>
  <testcase name="givenSentenceWhenAvoidableIsDeletedFromListShouldReturnAvoidableFrequency0" classname="com.bridgelabz.MyHashMapTest" time="0.008"/>
  <system-out><![CDATA[]]></system-out>
  <system-err><![CDATA[]]></system-err>
</testsuite>
