<?xml version="1.0" encoding="UTF-8"?>
<testsuite name="MyNodeTest" tests="1" skipped="0" failures="0" errors="0" timestamp="2021-06-10T01:39:36" hostname="DESKTOP-T79M02P" time="0.013">
  <properties/>
  <testcase name="given3NumbersWhenLinkedShouldPassedLikedListTest" classname="MyNodeTest" time="0.013"/>
  <system-out><![CDATA[]]></system-out>
  <system-err><![CDATA[]]></system-err>
</testsuite>
