<?xml version="1.0" encoding="UTF-8"?>
<testsuite name="MyLinkedListTest" tests="1" skipped="0" failures="0" errors="0" timestamp="2021-06-10T02:16:43" hostname="DESKTOP-T79M02P" time="0.008">
  <properties/>
  <testcase name="given3NumbersWhenAddedToLinkedListShouldBeAddedToTop" classname="MyLinkedListTest" time="0.008"/>
  <system-out><![CDATA[My Nodes: 56->30->70
]]></system-out>
  <system-err><![CDATA[]]></system-err>
</testsuite>
