<?xml version="1.0" encoding="UTF-8"?>
<testsuite name="com.bridgelabz.MyHashMapTest" tests="1" skipped="0" failures="0" errors="0" timestamp="2021-06-16T05:19:57" hostname="DESKTOP-T79M02P" time="0.013">
  <properties/>
  <testcase name="givenASentence_WhenWordAreAddedToList_ShouldReturnWordFrequency" classname="com.bridgelabz.MyHashMapTest" time="0.013"/>
  <system-out><![CDATA[com.bridgelabz.MyHashMap@10ca7ca
]]></system-out>
  <system-err><![CDATA[]]></system-err>
</testsuite>
