<?xml version="1.0" encoding="UTF-8"?>
<testsuite name="com.bridgelabz.MyLinkedListTest" tests="1" skipped="0" failures="0" errors="0" timestamp="2021-06-11T02:10:15" hostname="DESKTOP-T79M02P" time="0.011">
  <properties/>
  <testcase name="given3NumbersWhenPoppedShouldRemoveTheFirstNode" classname="com.bridgelabz.MyLinkedListTest" time="0.011"/>
  <system-out><![CDATA[My Nodes: 30->70
]]></system-out>
  <system-err><![CDATA[]]></system-err>
</testsuite>
